<?xml version="1.0" encoding="UTF-8"?>
<!-- Generated by org.testng.reporters.JUnitReportReporter -->
<testsuite hostname="DESKTOP-I40GL3R" failures="0" tests="3" name="JavaStreams.Arraystream1" time="0.013" errors="0" timestamp="2021-06-23T01:54:24 IST" skipped="0">
  <testcase classname="JavaStreams.Arraystream1" name="test1" time="0.001"/>
  <system-out/>
  <testcase classname="JavaStreams.Arraystream1" name="streammap" time="0.003"/>
  <system-out/>
  <testcase classname="JavaStreams.Arraystream1" name="streamfilter" time="0.009"/>
  <system-out/>
</testsuite> <!-- JavaStreams.Arraystream1 -->
